#
# A fatal error has been detected by the Java Runtime Environment:
#
#  Internal Error (vmThread.cpp:386), pid=6700, tid=8472
#  fatal error: Unexpected nested VM operation CollectForMetadataAllocation requested by operation ChangeBreakpoints
#
# JRE version: Java(TM) SE Runtime Environment (16.0.1+9) (build 16.0.1+9-24)
# Java VM: Java HotSpot(TM) 64-Bit Server VM (16.0.1+9-24, mixed mode, sharing, tiered, compressed oops, compressed class ptrs, g1 gc, windows-amd64)
# No core dump will be written. Minidumps are not enabled by default on client versions of Windows
#
# If you would like to submit a bug report, please visit:
#   https://bugreport.java.com/bugreport/crash.jsp
#

---------------  S U M M A R Y ------------

Command Line: -agentlib:jdwp=transport=dt_socket,address=127.0.0.1:61118,suspend=y,server=n -XX:TieredStopAtLevel=1 -Xverify:none -Dspring.output.ansi.enabled=always -javaagent:C:\Users\Dunev\AppData\Local\JetBrains\IntelliJIdea2021.1\captureAgent\debugger-agent.jar -Dcom.sun.management.jmxremote -Dspring.jmx.enabled=true -Dspring.liveBeansView.mbeanDomain -Dspring.application.admin.enabled=true -Dfile.encoding=UTF-8 com.example.springdataintro.SpringDataIntroApplication

Host: Intel(R) Core(TM) i5-7300HQ CPU @ 2.50GHz, 4 cores, 7G,  Windows 10 , 64 bit Build 19041 (10.0.19041.1023)
Time: Wed Jul  7 16:37:24 2021 FLE Daylight Time elapsed time: 3.359771 seconds (0d 0h 0m 3s)

---------------  T H R E A D  ---------------

Current thread (0x000001dfdf3ea7e0):  VMThread "VM Thread" [stack: 0x0000007badb00000,0x0000007badc00000] [id=8472]

Stack: [0x0000007badb00000,0x0000007badc00000]
Native frames: (J=compiled Java code, j=interpreted, Vv=VM code, C=native code)
V  [jvm.dll+0x6687ca]
V  [jvm.dll+0x7ca3c9]
V  [jvm.dll+0x7cbb53]
V  [jvm.dll+0x7cc167]
V  [jvm.dll+0x242c03]
V  [jvm.dll+0x7d16ce]
V  [jvm.dll+0x7d14cd]
V  [jvm.dll+0x211c67]
V  [jvm.dll+0x60ed79]
V  [jvm.dll+0x6200a2]
V  [jvm.dll+0x619666]
V  [jvm.dll+0x1c286c]
V  [jvm.dll+0x61e929]
V  [jvm.dll+0x5210cb]
V  [jvm.dll+0x520a5d]
V  [jvm.dll+0x7d05eb]
V  [jvm.dll+0x7d12e4]
V  [jvm.dll+0x7d17e9]
V  [jvm.dll+0x7d1aa4]
V  [jvm.dll+0x7d1b70]
V  [jvm.dll+0x779b4a]
V  [jvm.dll+0x667666]
C  [ucrtbase.dll+0x21bb2]
C  [KERNEL32.DLL+0x17034]
C  [ntdll.dll+0x52651]

VM_Operation (0x0000007bae5ff440): ChangeBreakpoints, mode: safepoint, requested by thread 0x000001dfe0093e10


---------------  P R O C E S S  ---------------

Threads class SMR info:
_java_thread_list=0x000001dfe2324cc0, length=21, elements={
0x000001dfbfb517f0, 0x000001dfdf3f0be0, 0x000001dfdf3f1aa0, 0x000001dfdf401ac0,
0x000001dfdf4035e0, 0x000001dfdf405f00, 0x000001dfdf406810, 0x000001dfdf407120,
0x000001dfdf4379e0, 0x000001dfdf3d0770, 0x000001dfe0093e10, 0x000001dfe00a3b10,
0x000001dfe00aa070, 0x000001dfe02e24a0, 0x000001dfe082e910, 0x000001dfe0ce0010,
0x000001dfe0ce7700, 0x000001dfe19a8a50, 0x000001dfe1800410, 0x000001dfe1ec13b0,
0x000001dfe1e92090
}

Java Threads: ( => current thread )
  0x000001dfbfb517f0 JavaThread "main" [_thread_blocked, id=13072, stack(0x0000007bad500000,0x0000007bad600000)]
  0x000001dfdf3f0be0 JavaThread "Reference Handler" daemon [_thread_blocked, id=10812, stack(0x0000007badc00000,0x0000007badd00000)]
  0x000001dfdf3f1aa0 JavaThread "Finalizer" daemon [_thread_blocked, id=7936, stack(0x0000007badd00000,0x0000007bade00000)]
  0x000001dfdf401ac0 JavaThread "Signal Dispatcher" daemon [_thread_blocked, id=10080, stack(0x0000007bade00000,0x0000007badf00000)]
  0x000001dfdf4035e0 JavaThread "Attach Listener" daemon [_thread_blocked, id=8048, stack(0x0000007badf00000,0x0000007bae000000)]
  0x000001dfdf405f00 JavaThread "Service Thread" daemon [_thread_blocked, id=2856, stack(0x0000007bae000000,0x0000007bae100000)]
  0x000001dfdf406810 JavaThread "Monitor Deflation Thread" daemon [_thread_blocked, id=11736, stack(0x0000007bae100000,0x0000007bae200000)]
  0x000001dfdf407120 JavaThread "C1 CompilerThread0" daemon [_thread_blocked, id=10632, stack(0x0000007bae200000,0x0000007bae300000)]
  0x000001dfdf4379e0 JavaThread "Sweeper thread" daemon [_thread_blocked, id=11548, stack(0x0000007bae300000,0x0000007bae400000)]
  0x000001dfdf3d0770 JavaThread "Common-Cleaner" daemon [_thread_blocked, id=5656, stack(0x0000007bae400000,0x0000007bae500000)]
  0x000001dfe0093e10 JavaThread "JDWP Transport Listener: dt_socket" daemon [_thread_blocked, id=7360, stack(0x0000007bae500000,0x0000007bae600000)]
  0x000001dfe00a3b10 JavaThread "JDWP Event Helper Thread" daemon [_thread_blocked, id=244, stack(0x0000007bae600000,0x0000007bae700000)]
  0x000001dfe00aa070 JavaThread "JDWP Command Reader" daemon [_thread_in_native, id=7564, stack(0x0000007bae700000,0x0000007bae800000)]
  0x000001dfe02e24a0 JavaThread "Notification Thread" daemon [_thread_blocked, id=6864, stack(0x0000007bae800000,0x0000007bae900000)]
  0x000001dfe082e910 JavaThread "RMI TCP Accept-0" daemon [_thread_in_native, id=5800, stack(0x0000007bae900000,0x0000007baea00000)]
  0x000001dfe0ce0010 JavaThread "RMI TCP Connection(2)-192.168.1.102" daemon [_thread_in_native, id=7028, stack(0x0000007baef00000,0x0000007baf000000)]
  0x000001dfe0ce7700 JavaThread "RMI Scheduler(0)" daemon [_thread_blocked, id=2728, stack(0x0000007baf100000,0x0000007baf200000)]
  0x000001dfe19a8a50 JavaThread "mysql-cj-abandoned-connection-cleanup" daemon [_thread_blocked, id=8780, stack(0x0000007baf000000,0x0000007baf100000)]
  0x000001dfe1800410 JavaThread "HikariPool-1 housekeeper" daemon [_thread_blocked, id=7376, stack(0x0000007baf300000,0x0000007baf400000)]
  0x000001dfe1ec13b0 JavaThread "HikariPool-1 connection adder" daemon [_thread_blocked, id=2308, stack(0x0000007baf400000,0x0000007baf500000)]
  0x000001dfe1e92090 JavaThread "RMI TCP Connection(3)-192.168.1.102" daemon [_thread_in_native, id=2732, stack(0x0000007baf500000,0x0000007baf600000)]

Other Threads:
=>0x000001dfdf3ea7e0 VMThread "VM Thread" [stack: 0x0000007badb00000,0x0000007badc00000] [id=8472]
  0x000001dfc1ce5aa0 WatcherThread [stack: 0x0000007baea00000,0x0000007baeb00000] [id=11968]
  0x000001dfc1d21e30 GCTaskThread "GC Thread#0" [stack: 0x0000007bad600000,0x0000007bad700000] [id=13116]
  0x000001dfe084bfa0 GCTaskThread "GC Thread#1" [stack: 0x0000007baeb00000,0x0000007baec00000] [id=11420]
  0x000001dfe084c2b0 GCTaskThread "GC Thread#2" [stack: 0x0000007baec00000,0x0000007baed00000] [id=7196]
  0x000001dfe084c5c0 GCTaskThread "GC Thread#3" [stack: 0x0000007baed00000,0x0000007baee00000] [id=12972]
  0x000001dfc1d32bf0 ConcurrentGCThread "G1 Main Marker" [stack: 0x0000007bad700000,0x0000007bad800000] [id=9108]
  0x000001dfc1d336e0 ConcurrentGCThread "G1 Conc#0" [stack: 0x0000007bad800000,0x0000007bad900000] [id=1828]
  0x000001dfc1dacad0 ConcurrentGCThread "G1 Refine#0" [stack: 0x0000007bad900000,0x0000007bada00000] [id=5220]
  0x000001dfe08380c0 ConcurrentGCThread "G1 Refine#1" [stack: 0x0000007baee00000,0x0000007baef00000] [id=3016]
  0x000001dfc1dae560 ConcurrentGCThread "G1 Service" [stack: 0x0000007bada00000,0x0000007badb00000] [id=3324]

Threads with active compile tasks:

VM state: at safepoint (normal execution)

VM Mutex/Monitor currently owned by a thread:  ([mutex/lock_event])
[0x000001dfc1ce0450] Threads_lock - owner thread: 0x000001dfdf3ea7e0

Heap address: 0x0000000081c00000, size: 2020 MB, Compressed Oops mode: 32-bit

CDS archive(s) mapped at: [0x0000000800000000-0x0000000800bb0000-0x0000000800bb0000), size 12255232, SharedBaseAddress: 0x0000000800000000, ArchiveRelocationMode: 0.
Compressed class space mapped at: 0x0000000800c00000-0x0000000840c00000, reserved size: 1073741824
Narrow klass base: 0x0000000800000000, Narrow klass shift: 3, Narrow klass range: 0x100000000

GC Precious Log:
 CPUs: 4 total, 4 available
 Memory: 8077M
 Large Page Support: Disabled
 NUMA Support: Disabled
 Compressed Oops: Enabled (32-bit)
 Heap Region Size: 1M
 Heap Min Capacity: 8M
 Heap Initial Capacity: 128M
 Heap Max Capacity: 2020M
 Pre-touch: Disabled
 Parallel Workers: 4
 Concurrent Workers: 1
 Concurrent Refinement Workers: 4
 Periodic GC: Disabled

Heap:
 garbage-first heap   total 59392K, used 34804K [0x0000000081c00000, 0x0000000100000000)
  region size 1024K, 20 young (20480K), 2 survivors (2048K)
 Metaspace       used 35443K, committed 35776K, reserved 1081344K
  class space    used 4933K, committed 5120K, reserved 1048576K

Heap Regions: E=young(eden), S=young(survivor), O=old, HS=humongous(starts), HC=humongous(continues), CS=collection set, F=free, OA=open archive, CA=closed archive, TAMS=top-at-mark-start (previous, next)
|   0|0x0000000081c00000, 0x0000000081d00000, 0x0000000081d00000|100%|HS|  |TAMS 0x0000000081d00000, 0x0000000081c00000| Complete 
|   1|0x0000000081d00000, 0x0000000081e00000, 0x0000000081e00000|100%| O|  |TAMS 0x0000000081e00000, 0x0000000081d00000| Untracked 
|   2|0x0000000081e00000, 0x0000000081f00000, 0x0000000081f00000|100%| O|  |TAMS 0x0000000081f00000, 0x0000000081e00000| Untracked 
|   3|0x0000000081f00000, 0x0000000082000000, 0x0000000082000000|100%| O|  |TAMS 0x0000000082000000, 0x0000000081f00000| Untracked 
|   4|0x0000000082000000, 0x00000000820fd000, 0x0000000082100000| 98%| O|  |TAMS 0x00000000820fd000, 0x0000000082000000| Untracked 
|   5|0x0000000082100000, 0x0000000082200000, 0x0000000082200000|100%| O|  |TAMS 0x0000000082100000, 0x0000000082100000| Untracked 
|   6|0x0000000082200000, 0x0000000082300000, 0x0000000082300000|100%| O|  |TAMS 0x0000000082200000, 0x0000000082200000| Untracked 
|   7|0x0000000082300000, 0x0000000082400000, 0x0000000082400000|100%| O|  |TAMS 0x0000000082300000, 0x0000000082300000| Untracked 
|   8|0x0000000082400000, 0x0000000082500000, 0x0000000082500000|100%| O|  |TAMS 0x0000000082400000, 0x0000000082400000| Untracked 
|   9|0x0000000082500000, 0x0000000082600000, 0x0000000082600000|100%| O|  |TAMS 0x0000000082500000, 0x0000000082500000| Untracked 
|  10|0x0000000082600000, 0x0000000082700000, 0x0000000082700000|100%| O|  |TAMS 0x0000000082600000, 0x0000000082600000| Untracked 
|  11|0x0000000082700000, 0x0000000082700000, 0x0000000082800000|  0%| F|  |TAMS 0x0000000082700000, 0x0000000082700000| Untracked 
|  12|0x0000000082800000, 0x0000000082800000, 0x0000000082900000|  0%| F|  |TAMS 0x0000000082800000, 0x0000000082800000| Untracked 
|  13|0x0000000082900000, 0x0000000082900000, 0x0000000082a00000|  0%| F|  |TAMS 0x0000000082900000, 0x0000000082900000| Untracked 
|  14|0x0000000082a00000, 0x0000000082a00000, 0x0000000082b00000|  0%| F|  |TAMS 0x0000000082a00000, 0x0000000082a00000| Untracked 
|  15|0x0000000082b00000, 0x0000000082b00000, 0x0000000082c00000|  0%| F|  |TAMS 0x0000000082b00000, 0x0000000082b00000| Untracked 
|  16|0x0000000082c00000, 0x0000000082c00000, 0x0000000082d00000|  0%| F|  |TAMS 0x0000000082c00000, 0x0000000082c00000| Untracked 
|  17|0x0000000082d00000, 0x0000000082d00000, 0x0000000082e00000|  0%| F|  |TAMS 0x0000000082d00000, 0x0000000082d00000| Untracked 
|  18|0x0000000082e00000, 0x0000000082f00000, 0x0000000082f00000|100%| S|CS|TAMS 0x0000000082e00000, 0x0000000082e00000| Complete 
|  19|0x0000000082f00000, 0x0000000083000000, 0x0000000083000000|100%| S|CS|TAMS 0x0000000082f00000, 0x0000000082f00000| Complete 
|  20|0x0000000083000000, 0x0000000083000000, 0x0000000083100000|  0%| F|  |TAMS 0x0000000083000000, 0x0000000083000000| Untracked 
|  21|0x0000000083100000, 0x0000000083100000, 0x0000000083200000|  0%| F|  |TAMS 0x0000000083100000, 0x0000000083100000| Untracked 
|  22|0x0000000083200000, 0x0000000083200000, 0x0000000083300000|  0%| F|  |TAMS 0x0000000083200000, 0x0000000083200000| Untracked 
|  23|0x0000000083300000, 0x0000000083300000, 0x0000000083400000|  0%| F|  |TAMS 0x0000000083300000, 0x0000000083300000| Untracked 
|  24|0x0000000083400000, 0x0000000083400000, 0x0000000083500000|  0%| F|  |TAMS 0x0000000083400000, 0x0000000083400000| Untracked 
|  25|0x0000000083500000, 0x0000000083500000, 0x0000000083600000|  0%| F|  |TAMS 0x0000000083500000, 0x0000000083500000| Untracked 
|  26|0x0000000083600000, 0x0000000083600000, 0x0000000083700000|  0%| F|  |TAMS 0x0000000083600000, 0x0000000083600000| Untracked 
|  27|0x0000000083700000, 0x0000000083700000, 0x0000000083800000|  0%| F|  |TAMS 0x0000000083700000, 0x0000000083700000| Untracked 
|  28|0x0000000083800000, 0x0000000083800000, 0x0000000083900000|  0%| F|  |TAMS 0x0000000083800000, 0x0000000083800000| Untracked 
|  29|0x0000000083900000, 0x0000000083900000, 0x0000000083a00000|  0%| F|  |TAMS 0x0000000083900000, 0x0000000083900000| Untracked 
|  30|0x0000000083a00000, 0x0000000083a00000, 0x0000000083b00000|  0%| F|  |TAMS 0x0000000083a00000, 0x0000000083a00000| Untracked 
|  31|0x0000000083b00000, 0x0000000083b00000, 0x0000000083c00000|  0%| F|  |TAMS 0x0000000083b00000, 0x0000000083b00000| Untracked 
|  32|0x0000000083c00000, 0x0000000083c00000, 0x0000000083d00000|  0%| F|  |TAMS 0x0000000083c00000, 0x0000000083c00000| Untracked 
|  33|0x0000000083d00000, 0x0000000083d00000, 0x0000000083e00000|  0%| F|  |TAMS 0x0000000083d00000, 0x0000000083d00000| Untracked 
|  34|0x0000000083e00000, 0x0000000083e00000, 0x0000000083f00000|  0%| F|  |TAMS 0x0000000083e00000, 0x0000000083e00000| Untracked 
|  35|0x0000000083f00000, 0x0000000083f00000, 0x0000000084000000|  0%| F|  |TAMS 0x0000000083f00000, 0x0000000083f00000| Untracked 
|  36|0x0000000084000000, 0x0000000084100000, 0x0000000084100000|100%| E|  |TAMS 0x0000000084000000, 0x0000000084000000| Complete 
|  37|0x0000000084100000, 0x0000000084200000, 0x0000000084200000|100%| E|CS|TAMS 0x0000000084100000, 0x0000000084100000| Complete 
|  38|0x0000000084200000, 0x0000000084300000, 0x0000000084300000|100%| E|CS|TAMS 0x0000000084200000, 0x0000000084200000| Complete 
|  39|0x0000000084300000, 0x0000000084400000, 0x0000000084400000|100%| E|CS|TAMS 0x0000000084300000, 0x0000000084300000| Complete 
|  40|0x0000000084400000, 0x0000000084500000, 0x0000000084500000|100%| E|CS|TAMS 0x0000000084400000, 0x0000000084400000| Complete 
|  41|0x0000000084500000, 0x0000000084600000, 0x0000000084600000|100%| E|CS|TAMS 0x0000000084500000, 0x0000000084500000| Complete 
|  42|0x0000000084600000, 0x0000000084700000, 0x0000000084700000|100%| E|CS|TAMS 0x0000000084600000, 0x0000000084600000| Complete 
|  43|0x0000000084700000, 0x0000000084800000, 0x0000000084800000|100%| E|CS|TAMS 0x0000000084700000, 0x0000000084700000| Complete 
|  44|0x0000000084800000, 0x0000000084900000, 0x0000000084900000|100%| E|CS|TAMS 0x0000000084800000, 0x0000000084800000| Complete 
|  69|0x0000000086100000, 0x0000000086200000, 0x0000000086200000|100%| E|CS|TAMS 0x0000000086100000, 0x0000000086100000| Complete 
|  70|0x0000000086200000, 0x0000000086300000, 0x0000000086300000|100%| E|CS|TAMS 0x0000000086200000, 0x0000000086200000| Complete 
|  71|0x0000000086300000, 0x0000000086400000, 0x0000000086400000|100%| E|CS|TAMS 0x0000000086300000, 0x0000000086300000| Complete 
|  72|0x0000000086400000, 0x0000000086500000, 0x0000000086500000|100%| E|CS|TAMS 0x0000000086400000, 0x0000000086400000| Complete 
|  73|0x0000000086500000, 0x0000000086600000, 0x0000000086600000|100%| E|CS|TAMS 0x0000000086500000, 0x0000000086500000| Complete 
|  74|0x0000000086600000, 0x0000000086700000, 0x0000000086700000|100%| E|CS|TAMS 0x0000000086600000, 0x0000000086600000| Complete 
|  75|0x0000000086700000, 0x0000000086800000, 0x0000000086800000|100%| E|CS|TAMS 0x0000000086700000, 0x0000000086700000| Complete 
|  76|0x0000000086800000, 0x0000000086900000, 0x0000000086900000|100%| E|CS|TAMS 0x0000000086800000, 0x0000000086800000| Complete 
| 127|0x0000000089b00000, 0x0000000089c00000, 0x0000000089c00000|100%| E|CS|TAMS 0x0000000089b00000, 0x0000000089b00000| Complete 
|2016|0x00000000ffc00000, 0x00000000ffd00000, 0x00000000ffd00000|100%| O|  |TAMS 0x00000000ffc00000, 0x00000000ffc00000| Untracked 
|2017|0x00000000ffd00000, 0x00000000ffe00000, 0x00000000ffe00000|100%| O|  |TAMS 0x00000000ffd00000, 0x00000000ffd00000| Untracked 
|2018|0x00000000ffe00000, 0x00000000fff00000, 0x00000000fff00000|100%| O|  |TAMS 0x00000000ffe00000, 0x00000000ffe00000| Untracked 
|2019|0x00000000fff00000, 0x0000000100000000, 0x0000000100000000|100%| O|  |TAMS 0x00000000fff00000, 0x00000000fff00000| Untracked 

Card table byte_map: [0x000001dfd8860000,0x000001dfd8c60000] _byte_map_base: 0x000001dfd8452000

Marking Bits (Prev, Next): (CMBitMap*) 0x000001dfc1d22560, (CMBitMap*) 0x000001dfc1d22520
 Prev Bits: [0x000001dfdaff0000, 0x000001dfdcf80000)
 Next Bits: [0x000001dfd9060000, 0x000001dfdaff0000)

Polling page: 0x000001dfbfe90000

Metaspace:

Usage:
  Non-class:     29.80 MB used.
      Class:      4.82 MB used.
       Both:     34.61 MB used.

Virtual space:
  Non-class space:       32.00 MB reserved,      29.94 MB ( 94%) committed,  4 nodes.
      Class space:        1.00 GB reserved,       5.00 MB ( <1%) committed,  1 nodes.
              Both:        1.03 GB reserved,      34.94 MB (  3%) committed. 

Chunk freelists:
   Non-Class:  2.00 MB
       Class:  2.95 MB
        Both:  4.95 MB

MaxMetaspaceSize: 17179869184.00 GB
CompressedClassSpaceSize: 1.00 GB
 - commit_granule_bytes: 65536.
 - commit_granule_words: 8192.
 - virtual_space_node_default_size: 1048576.
 - enlarge_chunks_in_place: 1.
 - new_chunks_are_fully_committed: 0.
 - uncommit_free_chunks: 1.
 - use_allocation_guard: 0.
 - handle_deallocations: 1.


Internal statistics:

num_allocs_failed_limit: 5.
num_arena_births: 418.
num_arena_deaths: 0.
num_vsnodes_births: 5.
num_vsnodes_deaths: 0.
num_space_committed: 559.
num_space_uncommitted: 0.
num_chunks_returned_to_freelist: 5.
num_chunks_taken_from_freelist: 1650.
num_chunk_merges: 5.
num_chunk_splits: 1170.
num_chunks_enlarged: 910.
num_purges: 0.

CodeHeap 'non-profiled nmethods': size=238912Kb used=6308Kb max_used=6308Kb free=232603Kb
 bounds [0x000001dfc9b10000, 0x000001dfca140000, 0x000001dfd8460000]
CodeHeap 'non-nmethods': size=6848Kb used=1352Kb max_used=1352Kb free=5495Kb
 bounds [0x000001dfc9460000, 0x000001dfc96d0000, 0x000001dfc9b10000]
 total_blobs=4458 nmethods=3857 adapters=528
 compilation: enabled
              stopped_count=0, restarted_count=0
 full_count=0

Compilation events (20 events):
Event: 3.342 Thread 0x000001dfdf407120 3845       1       java.util.ArrayList::addAll (111 bytes)
Event: 3.342 Thread 0x000001dfdf407120 nmethod 3845 0x000001dfca134990 code [0x000001dfca134ba0, 0x000001dfca135078]
Event: 3.342 Thread 0x000001dfdf407120 3850       1       com.sun.beans.introspect.MethodInfo$MethodOrder::compare (13 bytes)
Event: 3.342 Thread 0x000001dfdf407120 nmethod 3850 0x000001dfca135290 code [0x000001dfca135440, 0x000001dfca1355c8]
Event: 3.342 Thread 0x000001dfdf407120 3851       1       com.sun.beans.introspect.MethodInfo$MethodOrder::compare (167 bytes)
Event: 3.343 Thread 0x000001dfdf407120 nmethod 3851 0x000001dfca135690 code [0x000001dfca135900, 0x000001dfca135ec8]
Event: 3.343 Thread 0x000001dfdf407120 3852       1       org.springframework.data.util.Lazy::<init> (20 bytes)
Event: 3.343 Thread 0x000001dfdf407120 nmethod 3852 0x000001dfca136390 code [0x000001dfca136520, 0x000001dfca136698]
Event: 3.343 Thread 0x000001dfdf407120 3853       1       org.springframework.data.util.Lazy::<init> (8 bytes)
Event: 3.343 Thread 0x000001dfdf407120 nmethod 3853 0x000001dfca136710 code [0x000001dfca1368a0, 0x000001dfca1369f8]
Event: 3.343 Thread 0x000001dfdf407120 3854       1       org.springframework.data.util.Lazy::of (9 bytes)
Event: 3.343 Thread 0x000001dfdf407120 nmethod 3854 0x000001dfca136a90 code [0x000001dfca136c20, 0x000001dfca136d78]
Event: 3.343 Thread 0x000001dfdf407120 3849       1       org.springframework.util.ConcurrentReferenceHashMap::putIfAbsent (8 bytes)
Event: 3.343 Thread 0x000001dfdf407120 nmethod 3849 0x000001dfca136e10 code [0x000001dfca137000, 0x000001dfca137548]
Event: 3.343 Thread 0x000001dfdf407120 3855       1       java.util.stream.Stream::of (13 bytes)
Event: 3.344 Thread 0x000001dfdf407120 nmethod 3855 0x000001dfca137810 code [0x000001dfca1379c0, 0x000001dfca137c18]
Event: 3.344 Thread 0x000001dfdf407120 3856       1       java.util.Optional::map (30 bytes)
Event: 3.344 Thread 0x000001dfdf407120 nmethod 3856 0x000001dfca137d90 code [0x000001dfca137f60, 0x000001dfca138258]
Event: 3.344 Thread 0x000001dfdf407120 3857       1       org.springframework.util.ReflectionUtils::findMethod (109 bytes)
Event: 3.344 Thread 0x000001dfdf407120 nmethod 3857 0x000001dfca138390 code [0x000001dfca138600, 0x000001dfca138b78]

GC Heap History (12 events):
Event: 0.617 GC heap before
{Heap before GC invocations=0 (full 0):
 garbage-first heap   total 131072K, used 13312K [0x0000000081c00000, 0x0000000100000000)
  region size 1024K, 13 young (13312K), 0 survivors (0K)
 Metaspace       used 4330K, committed 4480K, reserved 1056768K
  class space    used 492K, committed 576K, reserved 1048576K
}
Event: 0.626 GC heap after
{Heap after GC invocations=1 (full 0):
 garbage-first heap   total 131072K, used 4885K [0x0000000081c00000, 0x0000000100000000)
  region size 1024K, 2 young (2048K), 2 survivors (2048K)
 Metaspace       used 4330K, committed 4480K, reserved 1056768K
  class space    used 492K, committed 576K, reserved 1048576K
}
Event: 0.893 GC heap before
{Heap before GC invocations=1 (full 0):
 garbage-first heap   total 131072K, used 19221K [0x0000000081c00000, 0x0000000100000000)
  region size 1024K, 16 young (16384K), 2 survivors (2048K)
 Metaspace       used 7178K, committed 7360K, reserved 1056768K
  class space    used 866K, committed 960K, reserved 1048576K
}
Event: 0.896 GC heap after
{Heap after GC invocations=2 (full 0):
 garbage-first heap   total 131072K, used 6731K [0x0000000081c00000, 0x0000000100000000)
  region size 1024K, 2 young (2048K), 2 survivors (2048K)
 Metaspace       used 7178K, committed 7360K, reserved 1056768K
  class space    used 866K, committed 960K, reserved 1048576K
}
Event: 1.565 GC heap before
{Heap before GC invocations=2 (full 0):
 garbage-first heap   total 131072K, used 81483K [0x0000000081c00000, 0x0000000100000000)
  region size 1024K, 76 young (77824K), 2 survivors (2048K)
 Metaspace       used 13486K, committed 13824K, reserved 1064960K
  class space    used 1766K, committed 1920K, reserved 1048576K
}
Event: 1.570 GC heap after
{Heap after GC invocations=3 (full 0):
 garbage-first heap   total 131072K, used 9782K [0x0000000081c00000, 0x0000000100000000)
  region size 1024K, 5 young (5120K), 5 survivors (5120K)
 Metaspace       used 13486K, committed 13824K, reserved 1064960K
  class space    used 1766K, committed 1920K, reserved 1048576K
}
Event: 2.255 GC heap before
{Heap before GC invocations=3 (full 0):
 garbage-first heap   total 131072K, used 60982K [0x0000000081c00000, 0x0000000100000000)
  region size 1024K, 56 young (57344K), 5 survivors (5120K)
 Metaspace       used 21007K, committed 21248K, reserved 1073152K
  class space    used 2954K, committed 3072K, reserved 1048576K
}
Event: 2.262 GC heap after
{Heap after GC invocations=4 (full 0):
 garbage-first heap   total 131072K, used 12519K [0x0000000081c00000, 0x0000000100000000)
  region size 1024K, 8 young (8192K), 8 survivors (8192K)
 Metaspace       used 21007K, committed 21248K, reserved 1073152K
  class space    used 2954K, committed 3072K, reserved 1048576K
}
Event: 2.744 GC heap before
{Heap before GC invocations=5 (full 0):
 garbage-first heap   total 48128K, used 47335K [0x0000000081c00000, 0x0000000100000000)
  region size 1024K, 42 young (43008K), 8 survivors (8192K)
 Metaspace       used 28624K, committed 28928K, reserved 1081344K
  class space    used 3876K, committed 4032K, reserved 1048576K
}
Event: 2.757 GC heap after
{Heap after GC invocations=6 (full 0):
 garbage-first heap   total 59392K, used 15728K [0x0000000081c00000, 0x0000000100000000)
  region size 1024K, 7 young (7168K), 7 survivors (7168K)
 Metaspace       used 28624K, committed 28928K, reserved 1081344K
  class space    used 3876K, committed 4032K, reserved 1048576K
}
Event: 3.175 GC heap before
{Heap before GC invocations=6 (full 0):
 garbage-first heap   total 59392K, used 43376K [0x0000000081c00000, 0x0000000100000000)
  region size 1024K, 34 young (34816K), 7 survivors (7168K)
 Metaspace       used 33491K, committed 33920K, reserved 1081344K
  class space    used 4642K, committed 4864K, reserved 1048576K
}
Event: 3.183 GC heap after
{Heap after GC invocations=7 (full 0):
 garbage-first heap   total 59392K, used 17396K [0x0000000081c00000, 0x0000000100000000)
  region size 1024K, 2 young (2048K), 2 survivors (2048K)
 Metaspace       used 33491K, committed 33920K, reserved 1081344K
  class space    used 4642K, committed 4864K, reserved 1048576K
}

Deoptimization events (20 events):
Event: 3.341 Thread 0x000001dfbfb517f0 DEOPT PACKING pc=0x000001dfc9c9099c sp=0x0000007bad5fbb30
Event: 3.341 Thread 0x000001dfbfb517f0 DEOPT UNPACKING pc=0x000001dfc94adece sp=0x0000007bad5fafe8 mode 1
Event: 3.341 Thread 0x000001dfbfb517f0 DEOPT PACKING pc=0x000001dfc9c26574 sp=0x0000007bad5fc550
Event: 3.341 Thread 0x000001dfbfb517f0 DEOPT UNPACKING pc=0x000001dfc94adece sp=0x0000007bad5fba40 mode 1
Event: 3.341 Thread 0x000001dfbfb517f0 DEOPT PACKING pc=0x000001dfc9eaa81c sp=0x0000007bad5fc590
Event: 3.341 Thread 0x000001dfbfb517f0 DEOPT UNPACKING pc=0x000001dfc94adece sp=0x0000007bad5fba60 mode 1
Event: 3.342 Thread 0x000001dfbfb517f0 DEOPT PACKING pc=0x000001dfc9c91fe4 sp=0x0000007bad5fbbe0
Event: 3.342 Thread 0x000001dfbfb517f0 DEOPT UNPACKING pc=0x000001dfc94adece sp=0x0000007bad5fb078 mode 1
Event: 3.342 Thread 0x000001dfbfb517f0 DEOPT PACKING pc=0x000001dfc9c9099c sp=0x0000007bad5fbcb0
Event: 3.342 Thread 0x000001dfbfb517f0 DEOPT UNPACKING pc=0x000001dfc94adece sp=0x0000007bad5fb168 mode 1
Event: 3.342 Thread 0x000001dfbfb517f0 DEOPT PACKING pc=0x000001dfc9c26574 sp=0x0000007bad5fc6d0
Event: 3.342 Thread 0x000001dfbfb517f0 DEOPT UNPACKING pc=0x000001dfc94adece sp=0x0000007bad5fbbc0 mode 1
Event: 3.342 Thread 0x000001dfbfb517f0 DEOPT PACKING pc=0x000001dfc9c91fe4 sp=0x0000007bad5fbb70
Event: 3.342 Thread 0x000001dfbfb517f0 DEOPT UNPACKING pc=0x000001dfc94adece sp=0x0000007bad5fb008 mode 1
Event: 3.342 Thread 0x000001dfbfb517f0 DEOPT PACKING pc=0x000001dfc9c9099c sp=0x0000007bad5fbc40
Event: 3.342 Thread 0x000001dfbfb517f0 DEOPT UNPACKING pc=0x000001dfc94adece sp=0x0000007bad5fb0f8 mode 1
Event: 3.342 Thread 0x000001dfbfb517f0 DEOPT PACKING pc=0x000001dfc9c26574 sp=0x0000007bad5fc660
Event: 3.342 Thread 0x000001dfbfb517f0 DEOPT UNPACKING pc=0x000001dfc94adece sp=0x0000007bad5fbb50 mode 1
Event: 3.342 Thread 0x000001dfbfb517f0 DEOPT PACKING pc=0x000001dfc9eaa81c sp=0x0000007bad5fc6a0
Event: 3.342 Thread 0x000001dfbfb517f0 DEOPT UNPACKING pc=0x000001dfc94adece sp=0x0000007bad5fbb70 mode 1

Classes unloaded (0 events):
No events

Classes redefined (0 events):
No events

Internal exceptions (20 events):
Event: 3.125 Thread 0x000001dfbfb517f0 Exception <a 'java/lang/ClassNotFoundException'{0x0000000083457498}: org/springframework/beans/factory/FactoryBeanCustomizer> (0x0000000083457498) 
thrown [t:\workspace\open\src\hotspot\share\classfile\systemDictionary.cpp, line 256]
Event: 3.126 Thread 0x000001dfbfb517f0 Exception <a 'java/lang/ClassNotFoundException'{0x000000008345f7d0}: org/springframework/beans/factory/BeanClassLoaderAwareCustomizer> (0x000000008345f7d0) 
thrown [t:\workspace\open\src\hotspot\share\classfile\systemDictionary.cpp, line 256]
Event: 3.126 Thread 0x000001dfbfb517f0 Exception <a 'java/lang/ClassNotFoundException'{0x0000000083464450}: org/springframework/beans/factory/AwareCustomizer> (0x0000000083464450) 
thrown [t:\workspace\open\src\hotspot\share\classfile\systemDictionary.cpp, line 256]
Event: 3.127 Thread 0x000001dfbfb517f0 Exception <a 'java/lang/ClassNotFoundException'{0x0000000083468698}: org/springframework/beans/factory/BeanFactoryAwareCustomizer> (0x0000000083468698) 
thrown [t:\workspace\open\src\hotspot\share\classfile\systemDictionary.cpp, line 256]
Event: 3.127 Thread 0x000001dfbfb517f0 Exception <a 'java/lang/ClassNotFoundException'{0x000000008346da68}: org/springframework/beans/factory/AwareCustomizer> (0x000000008346da68) 
thrown [t:\workspace\open\src\hotspot\share\classfile\systemDictionary.cpp, line 256]
Event: 3.127 Thread 0x000001dfbfb517f0 Exception <a 'java/lang/ClassNotFoundException'{0x0000000083471e10}: org/springframework/context/ApplicationEventPublisherAwareCustomizer> (0x0000000083471e10) 
thrown [t:\workspace\open\src\hotspot\share\classfile\systemDictionary.cpp, line 256]
Event: 3.128 Thread 0x000001dfbfb517f0 Exception <a 'java/lang/ClassNotFoundException'{0x00000000834771d8}: org/springframework/beans/factory/AwareCustomizer> (0x00000000834771d8) 
thrown [t:\workspace\open\src\hotspot\share\classfile\systemDictionary.cpp, line 256]
Event: 3.132 Thread 0x000001dfbfb517f0 Exception <a 'java/lang/ClassNotFoundException'{0x00000000834b2b60}: java/lang/ObjectCustomizer> (0x00000000834b2b60) 
thrown [t:\workspace\open\src\hotspot\share\classfile\systemDictionary.cpp, line 256]
Event: 3.133 Thread 0x000001dfbfb517f0 Exception <a 'java/lang/ClassNotFoundException'{0x00000000834ba480}: org/springframework/core/io/support/PropertiesLoaderSupportCustomizer> (0x00000000834ba480) 
thrown [t:\workspace\open\src\hotspot\share\classfile\systemDictionary.cpp, line 256]
Event: 3.133 Thread 0x000001dfbfb517f0 Exception <a 'java/lang/ClassNotFoundException'{0x00000000834c7038}: org/springframework/beans/factory/config/PropertiesFactoryBeanCustomizer> (0x00000000834c7038) 
thrown [t:\workspace\open\src\hotspot\share\classfile\systemDictionary.cpp, line 256]
Event: 3.134 Thread 0x000001dfbfb517f0 Exception <a 'java/lang/ClassNotFoundException'{0x00000000834dbb80}: org/springframework/beans/factory/FactoryBeanCustomizer> (0x00000000834dbb80) 
thrown [t:\workspace\open\src\hotspot\share\classfile\systemDictionary.cpp, line 256]
Event: 3.135 Thread 0x000001dfbfb517f0 Exception <a 'java/lang/ClassNotFoundException'{0x00000000834e27d8}: org/springframework/beans/factory/InitializingBeanCustomizer> (0x00000000834e27d8) 
thrown [t:\workspace\open\src\hotspot\share\classfile\systemDictionary.cpp, line 256]
Event: 3.248 Thread 0x000001dfbfb517f0 Exception <a 'java/lang/ClassNotFoundException'{0x00000000865ee7f8}: java/lang/ObjectCustomizer> (0x00000000865ee7f8) 
thrown [t:\workspace\open\src\hotspot\share\classfile\systemDictionary.cpp, line 256]
Event: 3.249 Thread 0x000001dfbfb517f0 Exception <a 'java/lang/ClassNotFoundException'{0x00000000865f5fb8}: com/example/springdataintro/model/entity/BaseEntityCustomizer> (0x00000000865f5fb8) 
thrown [t:\workspace\open\src\hotspot\share\classfile\systemDictionary.cpp, line 256]
Event: 3.249 Thread 0x000001dfbfb517f0 Exception <a 'java/lang/ClassNotFoundException'{0x00000000865fd300}: com/example/springdataintro/model/entity/CategoryCustomizer> (0x00000000865fd300) 
thrown [t:\workspace\open\src\hotspot\share\classfile\systemDictionary.cpp, line 256]
Event: 3.261 Thread 0x000001dfe1e92090 Exception <a 'java/lang/reflect/InvocationTargetException'{0x00000000863118e8}> (0x00000000863118e8) 
thrown [t:\workspace\open\src\hotspot\share\runtime\reflection.cpp, line 1157]
Event: 3.294 Thread 0x000001dfbfb517f0 Exception <a 'java/lang/IncompatibleClassChangeError'{0x000000008614f1a0}: Found class java.lang.Object, but interface was expected> (0x000000008614f1a0) 
thrown [t:\workspace\open\src\hotspot\share\interpreter\linkResolver.cpp, line 857]
Event: 3.341 Thread 0x000001dfbfb517f0 Exception <a 'java/lang/ClassNotFoundException'{0x00000000844d6a20}: java/lang/ObjectCustomizer> (0x00000000844d6a20) 
thrown [t:\workspace\open\src\hotspot\share\classfile\systemDictionary.cpp, line 256]
Event: 3.341 Thread 0x000001dfbfb517f0 Exception <a 'java/lang/ClassNotFoundException'{0x00000000844de1a0}: com/example/springdataintro/model/entity/BaseEntityCustomizer> (0x00000000844de1a0) 
thrown [t:\workspace\open\src\hotspot\share\classfile\systemDictionary.cpp, line 256]
Event: 3.342 Thread 0x000001dfbfb517f0 Exception <a 'java/lang/ClassNotFoundException'{0x00000000844e4130}: com/example/springdataintro/model/entity/AuthorCustomizer> (0x00000000844e4130) 
thrown [t:\workspace\open\src\hotspot\share\classfile\systemDictionary.cpp, line 256]

Events (20 events):
Event: 3.335 loading class org/springframework/transaction/annotation/Isolation done
Event: 3.335 loading class org/springframework/transaction/annotation/Propagation
Event: 3.335 loading class org/springframework/transaction/annotation/Propagation done
Event: 3.341 loading class java/lang/ObjectCustomizer
Event: 3.341 loading class java/lang/ObjectCustomizer done
Event: 3.341 loading class java/lang/ObjectCustomizer
Event: 3.341 loading class java/lang/ObjectCustomizer done
Event: 3.341 loading class com/example/springdataintro/model/entity/BaseEntityCustomizer
Event: 3.341 loading class com/example/springdataintro/model/entity/BaseEntityCustomizer done
Event: 3.341 loading class com/example/springdataintro/model/entity/BaseEntityCustomizer
Event: 3.341 loading class com/example/springdataintro/model/entity/BaseEntityCustomizer done
Event: 3.341 loading class com/example/springdataintro/model/entity/BaseEntityCustomizer
Event: 3.341 loading class com/example/springdataintro/model/entity/BaseEntityCustomizer done
Event: 3.342 loading class com/example/springdataintro/model/entity/AuthorCustomizer
Event: 3.342 loading class com/example/springdataintro/model/entity/AuthorCustomizer done
Event: 3.342 loading class com/example/springdataintro/model/entity/AuthorCustomizer
Event: 3.342 loading class com/example/springdataintro/model/entity/AuthorCustomizer done
Event: 3.342 loading class com/example/springdataintro/model/entity/AuthorCustomizer
Event: 3.342 loading class com/example/springdataintro/model/entity/AuthorCustomizer done
Event: 3.357 Executing  VM operation: ChangeBreakpoints


Dynamic libraries:
0x00007ff6e5e60000 - 0x00007ff6e5e70000 	C:\Program Files\Java\jdk-16.0.1\bin\java.exe
0x00007ffe000b0000 - 0x00007ffe002a5000 	C:\WINDOWS\SYSTEM32\ntdll.dll
0x00007ffdff2a0000 - 0x00007ffdff35d000 	C:\WINDOWS\System32\KERNEL32.DLL
0x00007ffdfd940000 - 0x00007ffdfdc08000 	C:\WINDOWS\System32\KERNELBASE.dll
0x00007ffdfdd30000 - 0x00007ffdfde30000 	C:\WINDOWS\System32\ucrtbase.dll
0x00007ffdf36c0000 - 0x00007ffdf36d8000 	C:\Program Files\Java\jdk-16.0.1\bin\jli.dll
0x00007ffdfff60000 - 0x00007ffe0000c000 	C:\WINDOWS\System32\ADVAPI32.dll
0x00007ffdffad0000 - 0x00007ffdffb6e000 	C:\WINDOWS\System32\msvcrt.dll
0x00007ffdfe590000 - 0x00007ffdfe62b000 	C:\WINDOWS\System32\sechost.dll
0x00007ffdfe400000 - 0x00007ffdfe52b000 	C:\WINDOWS\System32\RPCRT4.dll
0x00007ffdfe130000 - 0x00007ffdfe2d0000 	C:\WINDOWS\System32\USER32.dll
0x00007ffdfdf90000 - 0x00007ffdfdfb2000 	C:\WINDOWS\System32\win32u.dll
0x00007ffdfe630000 - 0x00007ffdfe65a000 	C:\WINDOWS\System32\GDI32.dll
0x00007ffdfde80000 - 0x00007ffdfdf8b000 	C:\WINDOWS\System32\gdi32full.dll
0x00007ffdfd8a0000 - 0x00007ffdfd93d000 	C:\WINDOWS\System32\msvcp_win.dll
0x00007ffde9ce0000 - 0x00007ffde9cf9000 	C:\Program Files\Java\jdk-16.0.1\bin\VCRUNTIME140.dll
0x00007ffde7200000 - 0x00007ffde749a000 	C:\WINDOWS\WinSxS\amd64_microsoft.windows.common-controls_6595b64144ccf1df_6.0.19041.1052_none_60b8f8fd71f5e8cb\COMCTL32.dll
0x00007ffdf4af0000 - 0x00007ffdf4afa000 	C:\WINDOWS\SYSTEM32\VERSION.dll
0x00007ffdff360000 - 0x00007ffdff390000 	C:\WINDOWS\System32\IMM32.DLL
0x00007ffdf8980000 - 0x00007ffdf898c000 	C:\Program Files\Java\jdk-16.0.1\bin\vcruntime140_1.dll
0x00007ffddfb80000 - 0x00007ffddfc11000 	C:\Program Files\Java\jdk-16.0.1\bin\msvcp140.dll
0x00007ffd9a0e0000 - 0x00007ffd9ac8b000 	C:\Program Files\Java\jdk-16.0.1\bin\server\jvm.dll
0x00007ffdfff50000 - 0x00007ffdfff58000 	C:\WINDOWS\System32\PSAPI.DLL
0x00007ffde5f30000 - 0x00007ffde5f39000 	C:\WINDOWS\SYSTEM32\WSOCK32.dll
0x00007ffdff540000 - 0x00007ffdff5ab000 	C:\WINDOWS\System32\WS2_32.dll
0x00007ffdea280000 - 0x00007ffdea2a7000 	C:\WINDOWS\SYSTEM32\WINMM.dll
0x00007ffdfc0c0000 - 0x00007ffdfc0d2000 	C:\WINDOWS\SYSTEM32\kernel.appcore.dll
0x00007ffdf88e0000 - 0x00007ffdf88ea000 	C:\Program Files\Java\jdk-16.0.1\bin\jimage.dll
0x00007ffdfb5f0000 - 0x00007ffdfb7d4000 	C:\WINDOWS\SYSTEM32\DBGHELP.DLL
0x00007ffde49c0000 - 0x00007ffde49ec000 	C:\WINDOWS\SYSTEM32\dbgcore.DLL
0x00007ffdfdc10000 - 0x00007ffdfdc93000 	C:\WINDOWS\System32\bcryptPrimitives.dll
0x00007ffdd12e0000 - 0x00007ffdd131b000 	C:\Program Files\Java\jdk-16.0.1\bin\jdwp.dll
0x00007ffdf77f0000 - 0x00007ffdf77fe000 	C:\Program Files\Java\jdk-16.0.1\bin\instrument.dll
0x00007ffddf880000 - 0x00007ffddf8a5000 	C:\Program Files\Java\jdk-16.0.1\bin\java.dll
0x00007ffdfe660000 - 0x00007ffdfed9f000 	C:\WINDOWS\System32\SHELL32.dll
0x00007ffdfb7e0000 - 0x00007ffdfbf70000 	C:\WINDOWS\SYSTEM32\windows.storage.dll
0x00007ffdfee60000 - 0x00007ffdff1b5000 	C:\WINDOWS\System32\combase.dll
0x00007ffdfd260000 - 0x00007ffdfd28c000 	C:\WINDOWS\SYSTEM32\Wldp.dll
0x00007ffdffea0000 - 0x00007ffdfff4e000 	C:\WINDOWS\System32\SHCORE.dll
0x00007ffdfe530000 - 0x00007ffdfe585000 	C:\WINDOWS\System32\shlwapi.dll
0x00007ffdfd730000 - 0x00007ffdfd74f000 	C:\WINDOWS\SYSTEM32\profapi.dll
0x00007ffdf5af0000 - 0x00007ffdf5afc000 	C:\Program Files\Java\jdk-16.0.1\bin\dt_socket.dll
0x00007ffdfcc70000 - 0x00007ffdfccab000 	C:\WINDOWS\SYSTEM32\IPHLPAPI.DLL
0x00007ffdfcfd0000 - 0x00007ffdfd03a000 	C:\WINDOWS\system32\mswsock.dll
0x00007ffde5f70000 - 0x00007ffde5f88000 	C:\Program Files\Java\jdk-16.0.1\bin\zip.dll
0x00007ffde9cc0000 - 0x00007ffde9cd9000 	C:\Program Files\Java\jdk-16.0.1\bin\net.dll
0x00007ffdeb180000 - 0x00007ffdeb28b000 	C:\WINDOWS\SYSTEM32\WINHTTP.dll
0x00007ffde8040000 - 0x00007ffde8053000 	C:\Program Files\Java\jdk-16.0.1\bin\nio.dll
0x00007ffdfccb0000 - 0x00007ffdfcd7c000 	C:\WINDOWS\SYSTEM32\DNSAPI.dll
0x00007ffdff530000 - 0x00007ffdff538000 	C:\WINDOWS\System32\NSI.dll
0x00007ffde9bd0000 - 0x00007ffde9bda000 	C:\Windows\System32\rasadhlp.dll
0x00007ffde9c30000 - 0x00007ffde9caf000 	C:\WINDOWS\System32\fwpuclnt.dll
0x00007ffdfdca0000 - 0x00007ffdfdcc7000 	C:\WINDOWS\System32\bcrypt.dll
0x00007ffdf36f0000 - 0x00007ffdf36f9000 	C:\Program Files\Java\jdk-16.0.1\bin\management.dll
0x00007ffde6cd0000 - 0x00007ffde6cdb000 	C:\Program Files\Java\jdk-16.0.1\bin\management_ext.dll
0x00007ffdfd1a0000 - 0x00007ffdfd1b8000 	C:\WINDOWS\SYSTEM32\CRYPTSP.dll
0x00007ffdfc900000 - 0x00007ffdfc934000 	C:\WINDOWS\system32\rsaenh.dll
0x00007ffdfd6f0000 - 0x00007ffdfd71e000 	C:\WINDOWS\SYSTEM32\USERENV.dll
0x00007ffdfd1c0000 - 0x00007ffdfd1cc000 	C:\WINDOWS\SYSTEM32\CRYPTBASE.dll
0x00007ffdf3af0000 - 0x00007ffdf3b07000 	C:\WINDOWS\SYSTEM32\dhcpcsvc6.DLL
0x00007ffdf4980000 - 0x00007ffdf499d000 	C:\WINDOWS\SYSTEM32\dhcpcsvc.DLL
0x00007ffde2490000 - 0x00007ffde24a7000 	C:\WINDOWS\system32\napinsp.dll
0x00007ffde2410000 - 0x00007ffde242b000 	C:\WINDOWS\system32\pnrpnsp.dll
0x00007ffddba10000 - 0x00007ffddba25000 	C:\WINDOWS\system32\wshbth.dll
0x00007ffdfa6d0000 - 0x00007ffdfa6ed000 	C:\WINDOWS\system32\NLAapi.dll
0x00007ffdd9c60000 - 0x00007ffdd9c72000 	C:\WINDOWS\System32\winrnr.dll

dbghelp: loaded successfully - version: 4.0.5 - missing functions: none
symbol engine: initialized successfully - sym options: 0x614 - pdb path: .;C:\Program Files\Java\jdk-16.0.1\bin;C:\WINDOWS\SYSTEM32;C:\WINDOWS\WinSxS\amd64_microsoft.windows.common-controls_6595b64144ccf1df_6.0.19041.1052_none_60b8f8fd71f5e8cb;C:\Program Files\Java\jdk-16.0.1\bin\server

VM Arguments:
jvm_args: -agentlib:jdwp=transport=dt_socket,address=127.0.0.1:61118,suspend=y,server=n -XX:TieredStopAtLevel=1 -Xverify:none -Dspring.output.ansi.enabled=always -javaagent:C:\Users\Dunev\AppData\Local\JetBrains\IntelliJIdea2021.1\captureAgent\debugger-agent.jar -Dcom.sun.management.jmxremote -Dspring.jmx.enabled=true -Dspring.liveBeansView.mbeanDomain -Dspring.application.admin.enabled=true -Dfile.encoding=UTF-8 
java_command: com.example.springdataintro.SpringDataIntroApplication
java_class_path (initial): E:\Programming\Java DB\Spring Data\Spring Data Intro\target\classes;C:\Users\Dunev\.m2\repository\org\springframework\boot\spring-boot-starter-data-jpa\2.5.2\spring-boot-starter-data-jpa-2.5.2.jar;C:\Users\Dunev\.m2\repository\org\springframework\boot\spring-boot-starter-aop\2.5.2\spring-boot-starter-aop-2.5.2.jar;C:\Users\Dunev\.m2\repository\org\springframework\spring-aop\5.3.8\spring-aop-5.3.8.jar;C:\Users\Dunev\.m2\repository\org\aspectj\aspectjweaver\1.9.6\aspectjweaver-1.9.6.jar;C:\Users\Dunev\.m2\repository\org\springframework\boot\spring-boot-starter-jdbc\2.5.2\spring-boot-starter-jdbc-2.5.2.jar;C:\Users\Dunev\.m2\repository\com\zaxxer\HikariCP\4.0.3\HikariCP-4.0.3.jar;C:\Users\Dunev\.m2\repository\org\springframework\spring-jdbc\5.3.8\spring-jdbc-5.3.8.jar;C:\Users\Dunev\.m2\repository\jakarta\transaction\jakarta.transaction-api\1.3.3\jakarta.transaction-api-1.3.3.jar;C:\Users\Dunev\.m2\repository\jakarta\persistence\jakarta.persistence-api\2.2.3\jakarta.persistence-api-2.2.3.jar;C:\Users\Dunev\.m2\repository\org\hibernate\hibernate-core\5.4.32.Final\hibernate-core-5.4.32.Final.jar;C:\Users\Dunev\.m2\repository\org\jboss\logging\jboss-logging\3.4.2.Final\jboss-logging-3.4.2.Final.jar;C:\Users\Dunev\.m2\repository\org\javassist\javassist\3.27.0-GA\javassist-3.27.0-GA.jar;C:\Users\Dunev\.m2\repository\net\bytebuddy\byte-buddy\1.10.22\byte-buddy-1.10.22.jar;C:\Users\Dunev\.m2\repository\antlr\antlr\2.7.7\antlr-2.7.7.jar;C:\Users\Dunev\.m2\repository\org\jboss\jandex\2.2.3.Final\jandex-2.2.3.Final.jar;C:\Users\Dunev\.m2\repository\com\fasterxml\classmate\1.5.1\classmate-1.5.1.jar;C:\Users\Dunev\.m2\repository\org\dom4j\dom4j\2.1.3\dom4j-2.1.3.jar;C:\Users\Dunev\.m2\repository\org\hibernate\common\hibernate-commons-annotations\5.1.2.Final\hibernate-commons-annotations-5.1.2.Final.jar;C:\Users\Dunev\.m2\repository\org\glassfish\jaxb\jaxb-runtime\2.3.4\jaxb-runtime-2.3.4.jar;C:\Users\Dunev\.m2\repository\org\glassfish\jaxb\txw2\2.3.4\t
Launcher Type: SUN_STANDARD

[Global flags]
     intx CICompilerCount                          = 3                                         {product} {ergonomic}
     uint ConcGCThreads                            = 1                                         {product} {ergonomic}
     uint G1ConcRefinementThreads                  = 4                                         {product} {ergonomic}
   size_t G1HeapRegionSize                         = 1048576                                   {product} {ergonomic}
    uintx GCDrainStackTargetSize                   = 64                                        {product} {ergonomic}
   size_t InitialHeapSize                          = 134217728                                 {product} {ergonomic}
     bool ManagementServer                         = true                                      {product} {command line}
   size_t MarkStackSize                            = 4194304                                   {product} {ergonomic}
   size_t MaxHeapSize                              = 2118123520                                {product} {ergonomic}
   size_t MaxNewSize                               = 1270874112                                {product} {ergonomic}
   size_t MinHeapDeltaBytes                        = 1048576                                   {product} {ergonomic}
   size_t MinHeapSize                              = 8388608                                   {product} {ergonomic}
    uintx NonNMethodCodeHeapSize                   = 6973028                                {pd product} {ergonomic}
    uintx NonProfiledCodeHeapSize                  = 244685212                              {pd product} {ergonomic}
    uintx ProfiledCodeHeapSize                     = 0                                      {pd product} {ergonomic}
    uintx ReservedCodeCacheSize                    = 251658240                              {pd product} {ergonomic}
     bool SegmentedCodeCache                       = true                                      {product} {ergonomic}
   size_t SoftMaxHeapSize                          = 2118123520                             {manageable} {ergonomic}
     intx TieredStopAtLevel                        = 1                                         {product} {command line}
     bool UseCompressedClassPointers               = true                           {product lp64_product} {ergonomic}
     bool UseCompressedOops                        = true                           {product lp64_product} {ergonomic}
     bool UseG1GC                                  = true                                      {product} {ergonomic}
     bool UseLargePagesIndividualAllocation        = false                                  {pd product} {ergonomic}

Logging:
Log output configuration:
 #0: stdout all=warning uptime,level,tags
 #1: stderr all=off uptime,level,tags

Environment Variables:
PATH=C:\Program Files\Common Files\Oracle\Java\javapath;C:\Windows\system32;C:\Windows;C:\Windows\System32\Wbem;C:\Windows\System32\WindowsPowerShell\v1.0\;C:\Windows\System32\OpenSSH\;C:\Program Files (x86)\NVIDIA Corporation\PhysX\Common;C:\Program Files\NVIDIA Corporation\NVIDIA NvDLISR;C:\Program Files\nodejs\;C:\WINDOWS\system32;C:\WINDOWS;C:\WINDOWS\System32\Wbem;C:\WINDOWS\System32\WindowsPowerShell\v1.0\;C:\WINDOWS\System32\OpenSSH\;C:\Users\Dunev\AppData\Local\Microsoft\WindowsApps;C:\Users\Dunev\AppData\Roaming\npm;C:\Users\Dunev\AppData\Local\Programs\Microsoft VS Code\bin;
USERNAME=Dunev
OS=Windows_NT
PROCESSOR_IDENTIFIER=Intel64 Family 6 Model 158 Stepping 9, GenuineIntel



---------------  S Y S T E M  ---------------

OS:
 Windows 10 , 64 bit Build 19041 (10.0.19041.1023)
OS uptime: 5 days 6:21 hours

CPU: total 4 (initial active 4) (4 cores per cpu, 1 threads per core) family 6 model 158 stepping 9 microcode 0xb4, cx8, cmov, fxsr, mmx, 3dnowpref, sse, sse2, sse3, ssse3, sse4.1, sse4.2, popcnt, lzcnt, tsc, tscinvbit, avx, avx2, aes, erms, clmul, bmi1, bmi2, adx, fma, vzeroupper, clflush, clflushopt

Memory: 4k page, system-wide physical 8077M (1200M free)
TotalPageFile size 12572M (AvailPageFile size 2006M)
current process WorkingSet (physical memory assigned to process): 157M, peak: 160M
current process commit charge ("private bytes"): 189M, peak: 239M

vm_info: Java HotSpot(TM) 64-Bit Server VM (16.0.1+9-24) for windows-amd64 JRE (16.0.1+9-24), built on Mar 26 2021 19:31:42 by "mach5one" with MS VC++ 16.7 (VS2019)

END.
